\BOOKMARK [-1][-]{part.1}{\376\377\173\054\116\000\220\350\122\006\000\040\160\355\122\233\133\146\127\372\170\100}{}% 1
\BOOKMARK [0][-]{chapter.1}{\376\377\160\355\122\233\133\146\116\316\164\006\213\272\122\060\136\224\165\050}{part.1}% 2
\BOOKMARK [1][-]{section.1.1}{\376\377\160\355\122\233\133\146\166\204\133\146\116\140\136\372\213\256}{chapter.1}% 3
\BOOKMARK [1][-]{section.1.2}{\376\377\160\355\122\233\133\146\146\057\140\016\116\110\136\224\165\050\166\204}{chapter.1}% 4
\BOOKMARK [2][-]{subsection.1.2.1}{\376\377\162\266\140\001\121\375\145\160\166\204\137\256\171\357\122\006}{section.1.2}% 5
\BOOKMARK [2][-]{subsection.1.2.2}{\376\377\160\355\122\233\133\146\127\372\147\054\121\163\174\373}{section.1.2}% 6
\BOOKMARK [2][-]{subsection.1.2.3}{\376\377\124\315\136\224\121\375\145\160}{section.1.2}% 7
\BOOKMARK [2][-]{subsection.1.2.4}{\376\377\000M\000a\000x\000w\000e\000l\000l\121\163\174\373\124\214\000T\000o\000b\000o\000l\000s\000k\000y\145\271\154\325}{section.1.2}% 8
\BOOKMARK [2][-]{subsection.1.2.5}{\376\377\117\123\174\373\166\204\133\214\145\164\160\355\122\233\133\146\140\047\215\050}{section.1.2}% 9
\BOOKMARK [0][-]{chapter.2}{\376\377\155\367\124\010\162\151\166\204\160\355\122\233\133\146}{part.1}% 10
\BOOKMARK [1][-]{section.2.1}{\376\377\155\367\124\010\162\151\176\304\142\020\166\204\133\232\221\317\143\317\217\360\145\271\154\325}{chapter.2}% 11
\BOOKMARK [1][-]{section.2.2}{\376\377\120\117\144\151\134\024\221\317}{chapter.2}% 12
\BOOKMARK [2][-]{subsection.2.2.1}{\376\377\120\117\144\151\134\024\221\317\166\204\122\240\124\214\140\047}{section.2.2}% 13
\BOOKMARK [2][-]{subsection.2.2.2}{\376\377\124\011\136\003\145\257\040\023\147\134\116\245\131\306\145\271\172\013}{section.2.2}% 14
\BOOKMARK [2][-]{subsection.2.2.3}{\376\377\116\015\124\014\162\266\140\001\123\330\221\317\116\013\166\204\120\117\144\151\134\024\221\317\116\113\225\364\166\204\121\163\174\373}{section.2.2}% 15
\BOOKMARK [2][-]{subsection.2.2.4}{\376\377\120\117\144\151\134\024\221\317\166\204\155\113\133\232}{section.2.2}% 16
\BOOKMARK [1][-]{section.2.3}{\376\377\164\006\140\363\154\024\117\123\155\367\124\010\162\151}{chapter.2}% 17
\BOOKMARK [1][-]{section.2.4}{\376\377\116\000\202\054\155\367\124\010\162\151}{chapter.2}% 18
\BOOKMARK [2][-]{subsection.2.4.1}{\376\377\155\367\124\010\162\151\166\204\123\213\177\051\126\340\133\120}{section.2.4}% 19
\BOOKMARK [2][-]{subsection.2.4.2}{\376\377\220\070\136\246\124\214\220\070\136\246\126\340\133\120}{section.2.4}% 20
\BOOKMARK [2][-]{subsection.2.4.3}{\376\377\155\367\124\010\162\151\150\007\121\306\140\001}{section.2.4}% 21
\BOOKMARK [2][-]{subsection.2.4.4}{\376\377\164\006\140\363\155\367\124\010\162\151}{section.2.4}% 22
\BOOKMARK [2][-]{subsection.2.4.5}{\376\377\122\151\117\131\121\375\145\160\116\016\215\205\230\235\121\375\145\160}{section.2.4}% 23
\BOOKMARK [2][-]{subsection.2.4.6}{\376\377\155\367\124\010\121\375\145\160}{section.2.4}% 24
\BOOKMARK [1][-]{section.2.5}{\376\377\155\262\140\001\155\367\124\010\162\151\160\355\122\233\133\146\166\204\121\170\127\213\225\356\230\230}{chapter.2}% 25
\BOOKMARK [2][-]{subsection.2.5.1}{\376\377\136\163\210\141\140\001\166\204\172\063\133\232\140\047\173\200\116\313}{section.2.5}% 26
\BOOKMARK [2][-]{subsection.2.5.2}{\376\377\154\024\155\262\121\161\133\130}{section.2.5}% 27
\BOOKMARK [2][-]{subsection.2.5.3}{\376\377\040\034\227\136\143\045\123\321\156\266\215\050\040\035\225\356\230\230}{section.2.5}% 28
\BOOKMARK [2][-]{subsection.2.5.4}{\376\377\123\112\220\017\201\234\225\356\230\230}{section.2.5}% 29
\BOOKMARK [-1][-]{part.2}{\376\377\173\054\116\214\220\350\122\006\000\040\232\330\122\006\133\120\160\355\122\233\133\146}{}% 30
\BOOKMARK [0][-]{chapter.3}{\376\377\232\330\122\006\133\120\156\266\155\262\160\355\122\233\133\146}{part.2}% 31
\BOOKMARK [-1][-]{part.3}{\376\377\173\054\116\011\220\350\122\006\000\040\232\330\122\006\133\120\136\163\210\141\140\001\176\337\213\241\122\233\133\146}{}% 32
\BOOKMARK [0][-]{chapter.4}{\376\377\224\376\176\337\213\241}{part.3}% 33
\BOOKMARK [-1][-]{part.4}{\376\377\173\054\126\333\220\350\122\006\000\040\232\330\122\006\133\120\122\250\122\233\133\146\124\214\155\101\123\330\133\146}{}% 34
\BOOKMARK [-1][-]{part.5}{\376\377\173\054\116\224\220\350\122\006\000\040\226\104\137\125}{}% 35
\BOOKMARK [0][-]{chapter.5}{\376\377\145\160\133\146}{part.5}% 36
\BOOKMARK [1][-]{section.5.1}{\376\377\131\032\121\103\121\375\145\160\137\256\171\357\122\006}{chapter.5}% 37
\BOOKMARK [2][-]{subsection.5.1.1}{\376\377\153\047\142\311\237\120\153\041\121\375\145\160\133\232\164\006\166\204\213\301\146\016}{section.5.1}% 38
\BOOKMARK [0][-]{chapter.6}{\376\377\162\151\164\006\133\146}{part.5}% 39
\BOOKMARK [1][-]{section.6.1}{\376\377\136\163\210\141\140\001\176\337\213\241\217\333\226\066}{chapter.6}% 40
